2020-09-17 23:09:44,638 
2020-09-17 23:09:44,647 Both are applicants
2020-09-17 23:10:08,205 
2020-09-17 23:10:08,207 Both are applicants
2020-09-17 23:11:21,305 
2020-09-17 23:11:21,306 Both are applicants
2020-09-17 23:28:28,771 Both are applicants
2020-09-17 23:33:32,819 Both are applicants
2020-09-17 23:35:09,053 Both are applicants
2020-09-18 00:02:20,135 Both are applicants
2020-09-18 00:03:21,029 Both are applicants
2020-09-18 00:07:45,740 Created applicant's list
2020-09-18 00:07:45,742 Both are applicants
2020-09-18 00:11:22,018 Initiating internal apis
2020-09-18 00:11:22,019 Created applicant's list
2020-09-18 00:11:22,019 Created mentor's list
2020-09-18 00:11:22,019 Created mentor's and university mapping
2020-09-18 00:11:22,019 Both are applicants
2020-09-18 08:57:23,469 Both are applicants
2020-09-18 09:00:52,199 Both are applicants
2020-09-18 09:01:21,797 Both are applicants
2020-09-18 09:02:12,557 Both are applicants
2020-09-18 09:05:02,459 Both are applicants
2020-09-18 09:12:01,980 Both are applicants
2020-09-18 09:13:46,840 Both are applicants
2020-09-18 09:15:05,108 Both are applicants
2020-09-18 09:15:12,879 Both are applicants
2020-09-18 09:26:42,290 Both are applicants
2020-09-18 09:27:20,504 Both are applicants
2020-09-18 09:32:13,180 Both are applicants
2020-09-18 09:34:20,616 Both are applicants
2020-09-18 09:39:54,052 Both are applicants
2020-09-18 09:43:33,596 Both are applicants
2020-09-18 09:46:05,729 Both are applicants
2020-09-18 09:46:05,729 Average response time for university (UCL) is: 0:05:00
2020-09-18 09:46:05,729 Average response time for university (Edinburgh) is: 4:28:34.428571
2020-09-18 09:46:15,903 Both are applicants
2020-09-18 09:46:15,903 Average response time for university (UCL) is: 0:05:00
2020-09-18 09:46:15,903 Average response time for university (Edinburgh) is: 4:28:34.428571
2020-09-18 09:50:32,391 Both are applicants
2020-09-18 09:50:32,392 Average response time for university (UCL) is: 0:05:00
2020-09-18 09:50:32,392 Average response time for university (Edinburgh) is: 4:28:34.428571
2020-09-18 09:56:34,481 Both are applicants
2020-09-18 09:56:34,481 Average response time for university (UCL) is: 0:05:00
2020-09-18 09:56:34,481 Average response time for university (Edinburgh) is: 4:28:34.428571
2020-09-18 09:57:01,125 Both are applicants
2020-09-18 09:57:01,125 Average response time for university (UCL) is: 0:05:00
2020-09-18 09:57:01,125 Average response time for university (Edinburgh) is: 4:28:34.428571
2020-09-18 10:11:49,360 Both are applicants
2020-09-18 10:11:49,362 Average response time for university (UCL) is: 0:05:00
2020-09-18 10:11:49,363 Average response time for university (Edinburgh) is: 4:28:34.428571
2020-09-18 10:12:03,292 Both are applicants
2020-09-18 10:12:03,292 Average response time for university (UCL) is: 0:05:00
2020-09-18 10:12:03,292 Average response time for university (Edinburgh) is: 4:28:34.428571
2020-09-18 10:12:58,077 Both are applicants
2020-09-18 10:12:58,077 Average response time for university (UCL) is: 0:05:00
2020-09-18 10:12:58,078 Average response time for university (Edinburgh) is: 4:28:34.428571
2020-09-18 10:14:42,482 Both are applicants
2020-09-18 10:14:42,482 Average response time for university (UCL) is: 0:05:00
2020-09-18 10:14:42,482 Average response time for university (Edinburgh) is: 4:28:34.428571
2020-09-18 10:15:43,286 Both are applicants
2020-09-18 10:15:43,287 Average response time for university (UCL) is: 0:05:00
2020-09-18 10:15:43,287 Average response time for university (Edinburgh) is: 4:28:34.428571
2020-09-18 10:15:53,213 Both are applicants
2020-09-18 10:15:53,213 Average response time for university (UCL) is: 0:05:00
2020-09-18 10:15:53,213 Average response time for university (Edinburgh) is: 4:28:34.428571
2020-09-18 10:16:09,741 Both are applicants
2020-09-18 10:16:09,741 Average response time for university (UCL) is: 0:05:00
2020-09-18 10:16:09,741 Average response time for university (Edinburgh) is: 4:28:34.428571
2020-09-18 10:16:21,901 Both are applicants
2020-09-18 10:16:21,901 Average response time for university (UCL) is: 0:05:00
2020-09-18 10:16:21,901 Average response time for university (Edinburgh) is: 4:28:34.428571
2020-09-18 10:16:34,313 Both are applicants
2020-09-18 10:16:34,314 Average response time for university (UCL) is: 0:05:00
2020-09-18 10:16:34,314 Average response time for university (Edinburgh) is: 4:28:34.428571
2020-09-18 10:16:42,779 Both are applicants
2020-09-18 10:16:42,779 Average response time for university (UCL) is: 0:05:00
2020-09-18 10:16:42,779 Average response time for university (Edinburgh) is: 4:28:34.428571
2020-09-18 10:18:07,877 Both are applicants
2020-09-18 10:18:07,878 Average response time for university (UCL) is: 0:05:00
2020-09-18 10:18:07,879 Average response time for university (Edinburgh) is: 4:28:34.428571
2020-09-18 10:19:15,251 Both are applicants
2020-09-18 10:19:15,253 Average response time for university (UCL) is: 0:05:00
2020-09-18 10:19:15,254 Average response time for university (Edinburgh) is: 4:28:34.428571
2020-09-18 10:19:33,613 Both are applicants
2020-09-18 10:19:33,613 Average response time for university (UCL) is: 0:05:00
2020-09-18 10:19:33,613 Average response time for university (Edinburgh) is: 4:28:34.428571
2020-09-18 10:20:51,353 Both are applicants
2020-09-18 10:20:51,354 Average response time for university (UCL) is: 0:05:00
2020-09-18 10:20:51,354 Average response time for university (Edinburgh) is: 4:28:34.428571
2020-09-18 10:22:10,270 Both are applicants
2020-09-18 10:22:10,270 Average response time for university (UCL) is: 0:05:00
2020-09-18 10:22:10,271 Average response time for university (Edinburgh) is: 4:28:34.428571
2020-09-18 10:22:58,468 Both are applicants
2020-09-18 10:22:58,469 Average response time for university (UCL) is: 0:05:00
2020-09-18 10:22:58,469 Average response time for university (Edinburgh) is: 4:28:34.428571
2020-09-18 10:27:06,464 Both are applicants
2020-09-18 10:27:06,466 Average response time for university (UCL) is: 0:05:00
2020-09-18 10:27:06,466 Average response time for university (Edinburgh) is: 4:28:34.428571
2020-09-18 10:27:37,619 Both are applicants
2020-09-18 10:27:37,619 Average response time for university (UCL) is: 0:05:00
2020-09-18 10:27:37,620 Average response time for university (Edinburgh) is: 4:28:34.428571
2020-09-18 10:28:21,107 Both are applicants
2020-09-18 10:28:21,107 Average response time for university (UCL) is: 0:05:00
2020-09-18 10:28:21,107 Average response time for university (Edinburgh) is: 4:28:34.428571
2020-09-18 10:30:08,091 Both are applicants
2020-09-18 10:30:08,091 Average response time for university (UCL) is: 0:05:00
2020-09-18 10:30:08,091 Average response time for university (Edinburgh) is: 4:28:34.428571
2020-09-18 10:30:31,166 Both are applicants
2020-09-18 10:30:31,167 Average response time for university (UCL) is: 0:05:00
2020-09-18 10:30:31,167 Average response time for university (Edinburgh) is: 4:28:34.428571
2020-09-18 10:31:14,683 Both are applicants
2020-09-18 10:31:14,683 Average response time for university (UCL) is: 0:05:00
2020-09-18 10:31:14,683 Average response time for university (Edinburgh) is: 4:28:34.428571
2020-09-18 10:31:24,772 Both are applicants
2020-09-18 10:31:24,772 Average response time for university (UCL) is: 0:05:00
2020-09-18 10:31:24,772 Average response time for university (Edinburgh) is: 4:28:34.428571
2020-09-18 10:35:40,128 Both are applicants
2020-09-18 10:35:40,130 Average response time for university (UCL) is: 0:05:00
2020-09-18 10:35:40,130 Average response time for university (Edinburgh) is: 4:28:34.428571
2020-09-18 10:35:47,876 Both are applicants
2020-09-18 10:35:47,876 Average response time for university (UCL) is: 0:05:00
2020-09-18 10:35:47,876 Average response time for university (Edinburgh) is: 4:28:34.428571
2020-09-18 10:37:33,337 Both are applicants
2020-09-18 10:37:33,338 Average response time for university (UCL) is: 0:05:00
2020-09-18 10:37:33,338 Average response time for university (Edinburgh) is: 4:28:34.428571
2020-09-18 10:38:35,247 Both are applicants
2020-09-18 10:38:35,247 Average response time for university (UCL) is: 0:05:00
2020-09-18 10:38:35,247 Average response time for university (Edinburgh) is: 4:28:34.428571
2020-09-18 10:39:20,316 Both are applicants
2020-09-18 10:39:20,316 Average response time for university (UCL) is: 0:05:00
2020-09-18 10:39:20,316 Average response time for university (Edinburgh) is: 4:28:34.428571
2020-09-18 10:41:36,966 Both are applicants
2020-09-18 10:41:36,968 Average response time for university (UCL) is: 0:05:00
2020-09-18 10:41:36,968 Average response time for university (Edinburgh) is: 4:28:34.428571
2020-09-18 10:56:28,599 File not Found
2020-09-18 10:58:27,858 Both are applicants
2020-09-18 10:58:27,860 Average response time for university (UCL) is: 0:05:00
2020-09-18 10:58:27,860 Average response time for university (Edinburgh) is: 4:28:34.428571
2020-09-18 11:01:29,824 Both are applicants
2020-09-18 11:01:29,826 Average response time for university (UCL) is: 0:05:00
2020-09-18 11:01:29,827 Average response time for university (Edinburgh) is: 4:28:34.428571
2020-09-18 11:07:35,645 Both are applicants
2020-09-18 11:07:35,647 Average response time for university (UCL) is: 0:05:00
2020-09-18 11:07:35,647 Average response time for university (Edinburgh) is: 4:28:34.428571
2020-09-18 11:10:05,532 Both are applicants
2020-09-18 11:10:05,534 Average response time for university (UCL) is: 0:05:00
2020-09-18 11:10:05,534 Average response time for university (Edinburgh) is: 4:28:34.428571
2020-09-18 11:10:57,397 Both are applicants
2020-09-18 11:10:57,400 Average response time for university (UCL) is: 0:05:00
2020-09-18 11:10:57,401 Average response time for university (Edinburgh) is: 4:28:34.428571
2020-09-18 11:12:11,587 Both are applicants
2020-09-18 11:12:11,590 Average response time for university (UCL) is: 0:05:00
2020-09-18 11:12:11,590 Average response time for university (Edinburgh) is: 4:28:34.428571
2020-09-18 11:13:37,454 Both are applicants
2020-09-18 11:13:37,455 Average response time for university (UCL) is: 0:05:00
2020-09-18 11:13:37,455 Average response time for university (Edinburgh) is: 4:28:34.428571
2020-09-18 11:15:06,678 Both are applicants
2020-09-18 11:15:06,679 Average response time for university (UCL) is: 0:05:00
2020-09-18 11:15:06,679 Average response time for university (Edinburgh) is: 4:28:34.428571
2020-09-18 11:16:21,131 Both are applicants
2020-09-18 11:16:21,133 Average response time for university (UCL) is: 0:05:00
2020-09-18 11:16:21,134 Average response time for university (Edinburgh) is: 4:28:34.428571
2020-09-18 11:16:33,668 Both are applicants
2020-09-18 11:16:33,668 Average response time for university (UCL) is: 0:05:00
2020-09-18 11:16:33,668 Average response time for university (Edinburgh) is: 4:28:34.428571
2020-09-18 11:18:07,999 Both are applicants
2020-09-18 11:18:07,999 Average response time for university (UCL) is: 0:05:00
2020-09-18 11:18:07,999 Average response time for university (Edinburgh) is: 4:28:34.428571
2020-09-18 13:01:55,576 Both are applicants
2020-09-18 13:01:55,578 Average response time for university (UCL) is: 0:05:00
2020-09-18 13:01:55,579 Average response time for university (Edinburgh) is: 4:28:34.428571
2020-09-18 13:32:13,858 Both are applicants
2020-09-18 13:32:13,860 Average response time for university (UCL) is: 0:05:00
2020-09-18 13:32:13,860 Average response time for university (Edinburgh) is: 4:28:34.428571
